{
  "0 debug pnpm:scope": {
    "selected": 1
  },
  "1 debug pnpm:package-manifest": {
    "initial": {
      "name": "fastify-solid",
      "version": "1.0.0",
      "description": "",
      "main": "index.js",
      "scripts": {
        "dev": "ts-node-dev --no-notify --respawn --transpile-only ./src/app.mts"
      },
      "author": "Quentin Laffont",
      "license": "ISC"
    },
    "prefix": "/home/quentin/Documents/dev/fastify-solid"
  },
  "2 debug pnpm:context": {
    "currentLockfileExists": false,
    "storeDir": "/home/quentin/.pnpm-store/v3",
    "virtualStoreDir": "/home/quentin/Documents/dev/fastify-solid/node_modules/.pnpm"
  },
  "3 debug pnpm:stage": {
    "prefix": "/home/quentin/Documents/dev/fastify-solid",
    "stage": "resolution_started"
  },
  "4 error pnpm": {
    "code": "ERR_PNPM_FETCH_404",
    "hint": "solid-ks is not in the npm registry, or you have no permission to fetch it.\n\nNo authorization header was set for the request.",
    "request": {
      "url": "https://registry.npmjs.org/solid-ks"
    },
    "response": {
      "size": 0
    },
    "pkgName": "solid-ks",
    "pkgsStack": [],
    "err": {
      "name": "pnpm",
      "message": "GET https://registry.npmjs.org/solid-ks: Not Found - 404",
      "code": "ERR_PNPM_FETCH_404",
      "stack": "pnpm: GET https://registry.npmjs.org/solid-ks: Not Found - 404\n    at RetryOperation._fn (/home/quentin/.fnm/node-versions/v17.4.0/installation/pnpm-global/5/node_modules/.pnpm/pnpm@6.29.1/node_modules/pnpm/dist/pnpm.cjs:85646:19)\n    at processTicksAndRejections (internal/process/task_queues.js:95:5)"
    }
  }
}